Starting advanced-surf-coaching-senegal-video-analysis.json...
Starting advanced-surf-senegal-ngor-right.json...
Starting best-time-to-surf-senegal.json...
Starting complete-guide-surf-camp-dakar-ngor-island.json...
Starting dakar-surf-spots-for-every-level.json...
Starting endless-summer-legacy-surfing-ngor.json...
Starting how-to-choose-best-surf-camp-in-senegal.json...
Starting improve-faster-at-surf-camp.json...
Starting learn-to-surf-dakar.json...
Starting licensed-surf-camp-senegal.json...
Starting ngor-island-waves-explained.json...
Starting ngor-surf-guide-right-left.json...
Starting no-cars-ngor-island-surf-stay.json...
Starting senegal-surf-camp-beginners-learn-faster.json...
Starting senegal-surf-season-by-month.json...
Finished how-to-choose-best-surf-camp-in-senegal.json!
Finished improve-faster-at-surf-camp.json!
Finished learn-to-surf-dakar.json!
Finished advanced-surf-coaching-senegal-video-analysis.json!
Finished endless-summer-legacy-surfing-ngor.json!
Finished senegal-surf-camp-beginners-learn-faster.json!
Finished complete-guide-surf-camp-dakar-ngor-island.json!
Finished licensed-surf-camp-senegal.json!
Finished dakar-surf-spots-for-every-level.json!
Finished ngor-surf-guide-right-left.json!
Finished no-cars-ngor-island-surf-stay.json!
Finished advanced-surf-senegal-ngor-right.json!
Finished senegal-surf-season-by-month.json!
Finished best-time-to-surf-senegal.json!
Finished ngor-island-waves-explained.json!
All 15 articles processed successfully!
